<?xml version="1.0" encoding="UTF-8"?>
<testng-results ignored="0" total="1" passed="1" failed="0" skipped="0">
  <reporter-output>
  </reporter-output>
  <suite started-at="2024-01-05T13:25:41 IST" name="Default suite" finished-at="2024-01-05T13:25:51 IST" duration-ms="9390">
    <groups>
    </groups>
    <test started-at="2024-01-05T13:25:41 IST" name="Default test" finished-at="2024-01-05T13:25:51 IST" duration-ms="9390">
      <class name="com.orangehrm.runner.RunnerClass">
        <test-method is-config="true" signature="openApp()[pri:0, instance:com.orangehrm.runner.RunnerClass@6221a451]" started-at="2024-01-05T13:25:41 IST" name="openApp" finished-at="2024-01-05T13:25:50 IST" duration-ms="9090" status="PASS">
          <reporter-output>
          </reporter-output>
        </test-method> <!-- openApp -->
        <test-method signature="run()[pri:0, instance:com.orangehrm.runner.RunnerClass@6221a451]" started-at="2024-01-05T13:25:50 IST" name="run" finished-at="2024-01-05T13:25:50 IST" duration-ms="16" status="PASS">
          <reporter-output>
          </reporter-output>
        </test-method> <!-- run -->
        <test-method is-config="true" signature="closeApp()[pri:0, instance:com.orangehrm.runner.RunnerClass@6221a451]" started-at="2024-01-05T13:25:50 IST" name="closeApp" finished-at="2024-01-05T13:25:51 IST" duration-ms="198" status="PASS">
          <reporter-output>
          </reporter-output>
        </test-method> <!-- closeApp -->
      </class> <!-- com.orangehrm.runner.RunnerClass -->
    </test> <!-- Default test -->
  </suite> <!-- Default suite -->
</testng-results>
